<?xml version="1.0" encoding="UTF-8"?>
<testsuite xmlns:xsi="http://www.w3.org/2001/XMLSchema-instance" xsi:noNamespaceSchemaLocation="https://maven.apache.org/surefire/maven-surefire-plugin/xsd/surefire-test-report-3.0.xsd" version="3.0" name="devqa_task_2023.TaskTests" time="26.082" tests="2" errors="0" skipped="0" failures="2">
  <properties>
[...]
</properties>
  <testcase name="isPositionShown" classname="devqa_task_2023.TaskTests" time="13.317">
    <failure type="java.lang.AssertionError"><![CDATA[java.lang.AssertionError
	at devqa_task_2023.TaskTests.isPositionShown(TaskTests.java:10)
]]></failure>
    <system-out><![CDATA[Result written to file successfully.
]]></system-out>
    <system-err><![CDATA[Starting ChromeDriver 111.0.5563.64 (c710e93d5b63b7095afe8c2c17df34408078439d-refs/branch-heads/5563@{#995}) on port 30837
Only local connections are allowed.
Please see https://chromedriver.chromium.org/security-considerations for suggestions on keeping ChromeDriver safe.
ChromeDriver was started successfully.
märts 25, 2023 6:25:53 PM org.openqa.selenium.remote.ProtocolHandshake createSession
INFO: Detected dialect: W3C
]]></system-err>
  </testcase>
  <testcase name="isPositionShownCoordinates" classname="devqa_task_2023.TaskTests" time="12.729">
    <failure type="java.lang.AssertionError"><![CDATA[java.lang.AssertionError
	at devqa_task_2023.TaskTests.isPositionShownCoordinates(TaskTests.java:16)
]]></failure>
    <system-out><![CDATA[Result written to file successfully.
]]></system-out>
    <system-err><![CDATA[Starting ChromeDriver 111.0.5563.64 (c710e93d5b63b7095afe8c2c17df34408078439d-refs/branch-heads/5563@{#995}) on port 10716
Only local connections are allowed.
Please see https://chromedriver.chromium.org/security-considerations for suggestions on keeping ChromeDriver safe.
ChromeDriver was started successfully.
märts 25, 2023 6:26:05 PM org.openqa.selenium.remote.ProtocolHandshake createSession
INFO: Detected dialect: W3C
]]></system-err>
  </testcase>
</testsuite>